<?xml version="1.0" encoding="UTF-8"?>
<!-- Generated by org.testng.reporters.JUnitReportReporter -->
<testsuite hostname="nb-olli" name="Lesson7.Automation.HotelTest" tests="1" failures="0" timestamp="12 Aug 2016 16:45:59 GMT" time="4.516" errors="0">
  <testcase name="testHotelGlobalRaitingValue" time="4.516" classname="Lesson7.Automation.HotelTest"/>
</testsuite> <!-- Lesson7.Automation.HotelTest -->
